<?xml version="1.0" encoding="UTF-8"?>
<testsuite xmlns:xsi="http://www.w3.org/2001/XMLSchema-instance" xsi:noNamespaceSchemaLocation="https://maven.apache.org/surefire/maven-surefire-plugin/xsd/surefire-test-report.xsd" name="xyz.liyouxiu.boot.boot_web_01.BootWeb01ApplicationTests" time="3.968" tests="1" errors="0" skipped="0" failures="0">
  <properties>
    <property name="sun.desktop" value="windows"/>
    <property name="awt.toolkit" value="sun.awt.windows.WToolkit"/>
    <property name="file.encoding.pkg" value="sun.io"/>
    <property name="java.specification.version" value="1.8"/>
    <property name="sun.cpu.isalist" value="amd64"/>
    <property name="sun.jnu.encoding" value="GBK"/>
    <property name="java.class.path" value="E:\Spring\Code\SpringBootCode\boot_web_01\target\test-classes;E:\Spring\Code\SpringBootCode\boot_web_01\target\classes;C:\Users\57343\.m2\repository\org\springframework\boot\spring-boot-starter-web\2.6.13\spring-boot-starter-web-2.6.13.jar;C:\Users\57343\.m2\repository\org\springframework\boot\spring-boot-starter\2.6.13\spring-boot-starter-2.6.13.jar;C:\Users\57343\.m2\repository\org\springframework\boot\spring-boot-starter-logging\2.6.13\spring-boot-starter-logging-2.6.13.jar;C:\Users\57343\.m2\repository\ch\qos\logback\logback-classic\1.2.11\logback-classic-1.2.11.jar;C:\Users\57343\.m2\repository\ch\qos\logback\logback-core\1.2.11\logback-core-1.2.11.jar;C:\Users\57343\.m2\repository\org\apache\logging\log4j\log4j-to-slf4j\2.17.2\log4j-to-slf4j-2.17.2.jar;C:\Users\57343\.m2\repository\org\apache\logging\log4j\log4j-api\2.17.2\log4j-api-2.17.2.jar;C:\Users\57343\.m2\repository\org\slf4j\jul-to-slf4j\1.7.36\jul-to-slf4j-1.7.36.jar;C:\Users\57343\.m2\repository\jakarta\annotation\jakarta.annotation-api\1.3.5\jakarta.annotation-api-1.3.5.jar;C:\Users\57343\.m2\repository\org\yaml\snakeyaml\1.29\snakeyaml-1.29.jar;C:\Users\57343\.m2\repository\org\springframework\boot\spring-boot-starter-json\2.6.13\spring-boot-starter-json-2.6.13.jar;C:\Users\57343\.m2\repository\com\fasterxml\jackson\core\jackson-databind\2.13.4.2\jackson-databind-2.13.4.2.jar;C:\Users\57343\.m2\repository\com\fasterxml\jackson\core\jackson-annotations\2.13.4\jackson-annotations-2.13.4.jar;C:\Users\57343\.m2\repository\com\fasterxml\jackson\core\jackson-core\2.13.4\jackson-core-2.13.4.jar;C:\Users\57343\.m2\repository\com\fasterxml\jackson\datatype\jackson-datatype-jdk8\2.13.4\jackson-datatype-jdk8-2.13.4.jar;C:\Users\57343\.m2\repository\com\fasterxml\jackson\datatype\jackson-datatype-jsr310\2.13.4\jackson-datatype-jsr310-2.13.4.jar;C:\Users\57343\.m2\repository\com\fasterxml\jackson\module\jackson-module-parameter-names\2.13.4\jackson-module-parameter-names-2.13.4.jar;C:\Users\57343\.m2\repository\org\springframework\boot\spring-boot-starter-tomcat\2.6.13\spring-boot-starter-tomcat-2.6.13.jar;C:\Users\57343\.m2\repository\org\apache\tomcat\embed\tomcat-embed-core\9.0.68\tomcat-embed-core-9.0.68.jar;C:\Users\57343\.m2\repository\org\apache\tomcat\embed\tomcat-embed-el\9.0.68\tomcat-embed-el-9.0.68.jar;C:\Users\57343\.m2\repository\org\apache\tomcat\embed\tomcat-embed-websocket\9.0.68\tomcat-embed-websocket-9.0.68.jar;C:\Users\57343\.m2\repository\org\springframework\spring-web\5.3.23\spring-web-5.3.23.jar;C:\Users\57343\.m2\repository\org\springframework\spring-beans\5.3.23\spring-beans-5.3.23.jar;C:\Users\57343\.m2\repository\org\springframework\spring-webmvc\5.3.23\spring-webmvc-5.3.23.jar;C:\Users\57343\.m2\repository\org\springframework\spring-aop\5.3.23\spring-aop-5.3.23.jar;C:\Users\57343\.m2\repository\org\springframework\spring-context\5.3.23\spring-context-5.3.23.jar;C:\Users\57343\.m2\repository\org\springframework\spring-expression\5.3.23\spring-expression-5.3.23.jar;C:\Users\57343\.m2\repository\org\springframework\boot\spring-boot-devtools\2.6.13\spring-boot-devtools-2.6.13.jar;C:\Users\57343\.m2\repository\org\springframework\boot\spring-boot\2.6.13\spring-boot-2.6.13.jar;C:\Users\57343\.m2\repository\org\springframework\boot\spring-boot-autoconfigure\2.6.13\spring-boot-autoconfigure-2.6.13.jar;C:\Users\57343\.m2\repository\org\springframework\boot\spring-boot-configuration-processor\2.6.13\spring-boot-configuration-processor-2.6.13.jar;C:\Users\57343\.m2\repository\org\projectlombok\lombok\1.18.24\lombok-1.18.24.jar;C:\Users\57343\.m2\repository\org\springframework\boot\spring-boot-starter-test\2.6.13\spring-boot-starter-test-2.6.13.jar;C:\Users\57343\.m2\repository\org\springframework\boot\spring-boot-test\2.6.13\spring-boot-test-2.6.13.jar;C:\Users\57343\.m2\repository\org\springframework\boot\spring-boot-test-autoconfigure\2.6.13\spring-boot-test-autoconfigure-2.6.13.jar;C:\Users\57343\.m2\repository\com\jayway\jsonpath\json-path\2.6.0\json-path-2.6.0.jar;C:\Users\57343\.m2\repository\net\minidev\json-smart\2.4.8\json-smart-2.4.8.jar;C:\Users\57343\.m2\repository\net\minidev\accessors-smart\2.4.8\accessors-smart-2.4.8.jar;C:\Users\57343\.m2\repository\org\ow2\asm\asm\9.1\asm-9.1.jar;C:\Users\57343\.m2\repository\org\slf4j\slf4j-api\1.7.36\slf4j-api-1.7.36.jar;C:\Users\57343\.m2\repository\jakarta\xml\bind\jakarta.xml.bind-api\2.3.3\jakarta.xml.bind-api-2.3.3.jar;C:\Users\57343\.m2\repository\jakarta\activation\jakarta.activation-api\1.2.2\jakarta.activation-api-1.2.2.jar;C:\Users\57343\.m2\repository\org\assertj\assertj-core\3.21.0\assertj-core-3.21.0.jar;C:\Users\57343\.m2\repository\org\hamcrest\hamcrest\2.2\hamcrest-2.2.jar;C:\Users\57343\.m2\repository\org\junit\jupiter\junit-jupiter\5.8.2\junit-jupiter-5.8.2.jar;C:\Users\57343\.m2\repository\org\junit\jupiter\junit-jupiter-api\5.8.2\junit-jupiter-api-5.8.2.jar;C:\Users\57343\.m2\repository\org\opentest4j\opentest4j\1.2.0\opentest4j-1.2.0.jar;C:\Users\57343\.m2\repository\org\junit\platform\junit-platform-commons\1.8.2\junit-platform-commons-1.8.2.jar;C:\Users\57343\.m2\repository\org\apiguardian\apiguardian-api\1.1.2\apiguardian-api-1.1.2.jar;C:\Users\57343\.m2\repository\org\junit\jupiter\junit-jupiter-params\5.8.2\junit-jupiter-params-5.8.2.jar;C:\Users\57343\.m2\repository\org\junit\jupiter\junit-jupiter-engine\5.8.2\junit-jupiter-engine-5.8.2.jar;C:\Users\57343\.m2\repository\org\junit\platform\junit-platform-engine\1.8.2\junit-platform-engine-1.8.2.jar;C:\Users\57343\.m2\repository\org\mockito\mockito-core\4.0.0\mockito-core-4.0.0.jar;C:\Users\57343\.m2\repository\net\bytebuddy\byte-buddy\1.11.22\byte-buddy-1.11.22.jar;C:\Users\57343\.m2\repository\net\bytebuddy\byte-buddy-agent\1.11.22\byte-buddy-agent-1.11.22.jar;C:\Users\57343\.m2\repository\org\objenesis\objenesis\3.2\objenesis-3.2.jar;C:\Users\57343\.m2\repository\org\mockito\mockito-junit-jupiter\4.0.0\mockito-junit-jupiter-4.0.0.jar;C:\Users\57343\.m2\repository\org\skyscreamer\jsonassert\1.5.1\jsonassert-1.5.1.jar;C:\Users\57343\.m2\repository\com\vaadin\external\google\android-json\0.0.20131108.vaadin1\android-json-0.0.20131108.vaadin1.jar;C:\Users\57343\.m2\repository\org\springframework\spring-core\5.3.23\spring-core-5.3.23.jar;C:\Users\57343\.m2\repository\org\springframework\spring-jcl\5.3.23\spring-jcl-5.3.23.jar;C:\Users\57343\.m2\repository\org\springframework\spring-test\5.3.23\spring-test-5.3.23.jar;C:\Users\57343\.m2\repository\org\xmlunit\xmlunit-core\2.8.4\xmlunit-core-2.8.4.jar;"/>
    <property name="java.vm.vendor" value="Oracle Corporation"/>
    <property name="sun.arch.data.model" value="64"/>
    <property name="user.variant" value=""/>
    <property name="java.vendor.url" value="http://java.oracle.com/"/>
    <property name="user.timezone" value="Asia/Shanghai"/>
    <property name="java.vm.specification.version" value="1.8"/>
    <property name="os.name" value="Windows 10"/>
    <property name="user.country" value="CN"/>
    <property name="sun.java.launcher" value="SUN_STANDARD"/>
    <property name="sun.boot.library.path" value="C:\Program Files\Java\jdk1.8.0_181\jre\bin"/>
    <property name="sun.java.command" value="C:\Users\57343\AppData\Local\Temp\surefire3416486548289496450\surefirebooter5537972120226672331.jar C:\Users\57343\AppData\Local\Temp\surefire3416486548289496450 2022-11-06T15-35-56_910-jvmRun1 surefire3326194759884299207tmp surefire_01041722260094514772tmp"/>
    <property name="surefire.test.class.path" value="E:\Spring\Code\SpringBootCode\boot_web_01\target\test-classes;E:\Spring\Code\SpringBootCode\boot_web_01\target\classes;C:\Users\57343\.m2\repository\org\springframework\boot\spring-boot-starter-web\2.6.13\spring-boot-starter-web-2.6.13.jar;C:\Users\57343\.m2\repository\org\springframework\boot\spring-boot-starter\2.6.13\spring-boot-starter-2.6.13.jar;C:\Users\57343\.m2\repository\org\springframework\boot\spring-boot-starter-logging\2.6.13\spring-boot-starter-logging-2.6.13.jar;C:\Users\57343\.m2\repository\ch\qos\logback\logback-classic\1.2.11\logback-classic-1.2.11.jar;C:\Users\57343\.m2\repository\ch\qos\logback\logback-core\1.2.11\logback-core-1.2.11.jar;C:\Users\57343\.m2\repository\org\apache\logging\log4j\log4j-to-slf4j\2.17.2\log4j-to-slf4j-2.17.2.jar;C:\Users\57343\.m2\repository\org\apache\logging\log4j\log4j-api\2.17.2\log4j-api-2.17.2.jar;C:\Users\57343\.m2\repository\org\slf4j\jul-to-slf4j\1.7.36\jul-to-slf4j-1.7.36.jar;C:\Users\57343\.m2\repository\jakarta\annotation\jakarta.annotation-api\1.3.5\jakarta.annotation-api-1.3.5.jar;C:\Users\57343\.m2\repository\org\yaml\snakeyaml\1.29\snakeyaml-1.29.jar;C:\Users\57343\.m2\repository\org\springframework\boot\spring-boot-starter-json\2.6.13\spring-boot-starter-json-2.6.13.jar;C:\Users\57343\.m2\repository\com\fasterxml\jackson\core\jackson-databind\2.13.4.2\jackson-databind-2.13.4.2.jar;C:\Users\57343\.m2\repository\com\fasterxml\jackson\core\jackson-annotations\2.13.4\jackson-annotations-2.13.4.jar;C:\Users\57343\.m2\repository\com\fasterxml\jackson\core\jackson-core\2.13.4\jackson-core-2.13.4.jar;C:\Users\57343\.m2\repository\com\fasterxml\jackson\datatype\jackson-datatype-jdk8\2.13.4\jackson-datatype-jdk8-2.13.4.jar;C:\Users\57343\.m2\repository\com\fasterxml\jackson\datatype\jackson-datatype-jsr310\2.13.4\jackson-datatype-jsr310-2.13.4.jar;C:\Users\57343\.m2\repository\com\fasterxml\jackson\module\jackson-module-parameter-names\2.13.4\jackson-module-parameter-names-2.13.4.jar;C:\Users\57343\.m2\repository\org\springframework\boot\spring-boot-starter-tomcat\2.6.13\spring-boot-starter-tomcat-2.6.13.jar;C:\Users\57343\.m2\repository\org\apache\tomcat\embed\tomcat-embed-core\9.0.68\tomcat-embed-core-9.0.68.jar;C:\Users\57343\.m2\repository\org\apache\tomcat\embed\tomcat-embed-el\9.0.68\tomcat-embed-el-9.0.68.jar;C:\Users\57343\.m2\repository\org\apache\tomcat\embed\tomcat-embed-websocket\9.0.68\tomcat-embed-websocket-9.0.68.jar;C:\Users\57343\.m2\repository\org\springframework\spring-web\5.3.23\spring-web-5.3.23.jar;C:\Users\57343\.m2\repository\org\springframework\spring-beans\5.3.23\spring-beans-5.3.23.jar;C:\Users\57343\.m2\repository\org\springframework\spring-webmvc\5.3.23\spring-webmvc-5.3.23.jar;C:\Users\57343\.m2\repository\org\springframework\spring-aop\5.3.23\spring-aop-5.3.23.jar;C:\Users\57343\.m2\repository\org\springframework\spring-context\5.3.23\spring-context-5.3.23.jar;C:\Users\57343\.m2\repository\org\springframework\spring-expression\5.3.23\spring-expression-5.3.23.jar;C:\Users\57343\.m2\repository\org\springframework\boot\spring-boot-devtools\2.6.13\spring-boot-devtools-2.6.13.jar;C:\Users\57343\.m2\repository\org\springframework\boot\spring-boot\2.6.13\spring-boot-2.6.13.jar;C:\Users\57343\.m2\repository\org\springframework\boot\spring-boot-autoconfigure\2.6.13\spring-boot-autoconfigure-2.6.13.jar;C:\Users\57343\.m2\repository\org\springframework\boot\spring-boot-configuration-processor\2.6.13\spring-boot-configuration-processor-2.6.13.jar;C:\Users\57343\.m2\repository\org\projectlombok\lombok\1.18.24\lombok-1.18.24.jar;C:\Users\57343\.m2\repository\org\springframework\boot\spring-boot-starter-test\2.6.13\spring-boot-starter-test-2.6.13.jar;C:\Users\57343\.m2\repository\org\springframework\boot\spring-boot-test\2.6.13\spring-boot-test-2.6.13.jar;C:\Users\57343\.m2\repository\org\springframework\boot\spring-boot-test-autoconfigure\2.6.13\spring-boot-test-autoconfigure-2.6.13.jar;C:\Users\57343\.m2\repository\com\jayway\jsonpath\json-path\2.6.0\json-path-2.6.0.jar;C:\Users\57343\.m2\repository\net\minidev\json-smart\2.4.8\json-smart-2.4.8.jar;C:\Users\57343\.m2\repository\net\minidev\accessors-smart\2.4.8\accessors-smart-2.4.8.jar;C:\Users\57343\.m2\repository\org\ow2\asm\asm\9.1\asm-9.1.jar;C:\Users\57343\.m2\repository\org\slf4j\slf4j-api\1.7.36\slf4j-api-1.7.36.jar;C:\Users\57343\.m2\repository\jakarta\xml\bind\jakarta.xml.bind-api\2.3.3\jakarta.xml.bind-api-2.3.3.jar;C:\Users\57343\.m2\repository\jakarta\activation\jakarta.activation-api\1.2.2\jakarta.activation-api-1.2.2.jar;C:\Users\57343\.m2\repository\org\assertj\assertj-core\3.21.0\assertj-core-3.21.0.jar;C:\Users\57343\.m2\repository\org\hamcrest\hamcrest\2.2\hamcrest-2.2.jar;C:\Users\57343\.m2\repository\org\junit\jupiter\junit-jupiter\5.8.2\junit-jupiter-5.8.2.jar;C:\Users\57343\.m2\repository\org\junit\jupiter\junit-jupiter-api\5.8.2\junit-jupiter-api-5.8.2.jar;C:\Users\57343\.m2\repository\org\opentest4j\opentest4j\1.2.0\opentest4j-1.2.0.jar;C:\Users\57343\.m2\repository\org\junit\platform\junit-platform-commons\1.8.2\junit-platform-commons-1.8.2.jar;C:\Users\57343\.m2\repository\org\apiguardian\apiguardian-api\1.1.2\apiguardian-api-1.1.2.jar;C:\Users\57343\.m2\repository\org\junit\jupiter\junit-jupiter-params\5.8.2\junit-jupiter-params-5.8.2.jar;C:\Users\57343\.m2\repository\org\junit\jupiter\junit-jupiter-engine\5.8.2\junit-jupiter-engine-5.8.2.jar;C:\Users\57343\.m2\repository\org\junit\platform\junit-platform-engine\1.8.2\junit-platform-engine-1.8.2.jar;C:\Users\57343\.m2\repository\org\mockito\mockito-core\4.0.0\mockito-core-4.0.0.jar;C:\Users\57343\.m2\repository\net\bytebuddy\byte-buddy\1.11.22\byte-buddy-1.11.22.jar;C:\Users\57343\.m2\repository\net\bytebuddy\byte-buddy-agent\1.11.22\byte-buddy-agent-1.11.22.jar;C:\Users\57343\.m2\repository\org\objenesis\objenesis\3.2\objenesis-3.2.jar;C:\Users\57343\.m2\repository\org\mockito\mockito-junit-jupiter\4.0.0\mockito-junit-jupiter-4.0.0.jar;C:\Users\57343\.m2\repository\org\skyscreamer\jsonassert\1.5.1\jsonassert-1.5.1.jar;C:\Users\57343\.m2\repository\com\vaadin\external\google\android-json\0.0.20131108.vaadin1\android-json-0.0.20131108.vaadin1.jar;C:\Users\57343\.m2\repository\org\springframework\spring-core\5.3.23\spring-core-5.3.23.jar;C:\Users\57343\.m2\repository\org\springframework\spring-jcl\5.3.23\spring-jcl-5.3.23.jar;C:\Users\57343\.m2\repository\org\springframework\spring-test\5.3.23\spring-test-5.3.23.jar;C:\Users\57343\.m2\repository\org\xmlunit\xmlunit-core\2.8.4\xmlunit-core-2.8.4.jar;"/>
    <property name="sun.cpu.endian" value="little"/>
    <property name="user.home" value="C:\Users\57343"/>
    <property name="user.language" value="zh"/>
    <property name="java.specification.vendor" value="Oracle Corporation"/>
    <property name="java.home" value="C:\Program Files\Java\jdk1.8.0_181\jre"/>
    <property name="basedir" value="E:\Spring\Code\SpringBootCode\boot_web_01"/>
    <property name="file.separator" value="\"/>
    <property name="line.separator" value="&#10;"/>
    <property name="java.vm.specification.vendor" value="Oracle Corporation"/>
    <property name="java.specification.name" value="Java Platform API Specification"/>
    <property name="java.awt.graphicsenv" value="sun.awt.Win32GraphicsEnvironment"/>
    <property name="surefire.real.class.path" value="C:\Users\57343\AppData\Local\Temp\surefire3416486548289496450\surefirebooter5537972120226672331.jar"/>
    <property name="sun.boot.class.path" value="C:\Program Files\Java\jdk1.8.0_181\jre\lib\resources.jar;C:\Program Files\Java\jdk1.8.0_181\jre\lib\rt.jar;C:\Program Files\Java\jdk1.8.0_181\jre\lib\sunrsasign.jar;C:\Program Files\Java\jdk1.8.0_181\jre\lib\jsse.jar;C:\Program Files\Java\jdk1.8.0_181\jre\lib\jce.jar;C:\Program Files\Java\jdk1.8.0_181\jre\lib\charsets.jar;C:\Program Files\Java\jdk1.8.0_181\jre\lib\jfr.jar;C:\Program Files\Java\jdk1.8.0_181\jre\classes"/>
    <property name="user.script" value=""/>
    <property name="sun.management.compiler" value="HotSpot 64-Bit Tiered Compilers"/>
    <property name="java.runtime.version" value="1.8.0_181-b13"/>
    <property name="user.name" value="57343"/>
    <property name="path.separator" value=";"/>
    <property name="os.version" value="10.0"/>
    <property name="java.endorsed.dirs" value="C:\Program Files\Java\jdk1.8.0_181\jre\lib\endorsed"/>
    <property name="java.runtime.name" value="Java(TM) SE Runtime Environment"/>
    <property name="file.encoding" value="GBK"/>
    <property name="java.vm.name" value="Java HotSpot(TM) 64-Bit Server VM"/>
    <property name="localRepository" value="C:\Users\57343\.m2\repository"/>
    <property name="java.vendor.url.bug" value="http://bugreport.sun.com/bugreport/"/>
    <property name="java.io.tmpdir" value="C:\Users\57343\AppData\Local\Temp\"/>
    <property name="idea.version" value="2021.1.1"/>
    <property name="java.version" value="1.8.0_181"/>
    <property name="user.dir" value="E:\Spring\Code\SpringBootCode\boot_web_01"/>
    <property name="os.arch" value="amd64"/>
    <property name="java.vm.specification.name" value="Java Virtual Machine Specification"/>
    <property name="java.awt.printerjob" value="sun.awt.windows.WPrinterJob"/>
    <property name="sun.os.patch.level" value=""/>
    <property name="java.library.path" value="C:\Program Files\Java\jdk1.8.0_181\jre\bin;C:\WINDOWS\Sun\Java\bin;C:\WINDOWS\system32;C:\WINDOWS;E:\SSM\apache-maven-3.8.6\bin;E:\Miniconda;E:\Miniconda\Library\mingw-w64\bin;E:\Miniconda\Library\usr\bin;E:\Miniconda\Library\bin;E:\Miniconda\Scripts;E:\vm16\bin\;C:\Program Files (x86)\Common Files\Oracle\Java\javapath;C:\Program Files\Common Files\Oracle\Java\javapath;C:\Windows\system32;C:\Windows;C:\Windows\System32\Wbem;C:\Windows\System32\WindowsPowerShell\v1.0\;C:\Windows\System32\OpenSSH\;E:\Dev-Cpp;E:\git\Git\cmd;C:\Program Files\python;C:\Program Files\python\Scripts;D:\BtSoft\panel\script;D:\BtSoft\mysql\MySQL5.5\bin;C:\Program Files\Java\jdk1.8.0_181\bin;C:\Program Files\Java\jdk1.8.0_181\jre\bin;E:\node.js\;C:\MinGW\bin;C:\mingw64\bin;C:\Program Files\NVIDIA Corporation\NVIDIA NvDLISR;E:\Wampserver\bin\php\php7.4.9;C:\WINDOWS\system32;C:\WINDOWS;C:\WINDOWS\System32\Wbem;C:\WINDOWS\System32\WindowsPowerShell\v1.0\;C:\WINDOWS\System32\OpenSSH\;C:\go\bin;E:\redis-6.2.6\redis-6.2.6;E:\redis\;C:\Program Files\Microsoft SQL Server\150\Tools\Binn\;C:\Program Files\Microsoft SQL Server\Client SDK\ODBC\170\Tools\Binn\;C:\Program Files\dotnet\;C:\Program Files (x86)\Microsoft SQL Server\110\Tools\Binn\;C:\Program Files\Microsoft SQL Server\110\Tools\Binn\;C:\Program Files\Microsoft SQL Server\110\DTS\Binn\;C:\Program Files (x86)\Microsoft SQL Server\110\Tools\Binn\ManagementStudio\;C:\Program Files (x86)\Microsoft SQL Server\110\DTS\Binn\;C:\Program Files (x86)\Microsoft SQL Server\150\Tools\Binn\;C:\Program Files\Microsoft SQL Server\150\DTS\Binn\;C:\Program Files (x86)\Microsoft SQL Server\150\DTS\Binn\;C:\Program Files\Azure Data Studio\bin;E:\Rational Rose\common;C:\Users\57343\AppData\Local\Microsoft\WindowsApps;E:\IntelliJ IDEA 2021.1.1\bin;E:\PyCharm\bin;E:\PhpStorm 2021.1.3\bin;C:\Users\57343\AppData\Roaming\npm;E:\CLion 2021.2.2\bin;E:\Microsoft VS Code\bin;C:\Users\57343\go\bin;C:\Users\57343\AppData\Local\atom\bin;C:\Users\57343\.dotnet\tools;C:\Program Files\Azure Data Studio\bin;."/>
    <property name="java.vm.info" value="mixed mode"/>
    <property name="java.vendor" value="Oracle Corporation"/>
    <property name="java.vm.version" value="25.181-b13"/>
    <property name="java.ext.dirs" value="C:\Program Files\Java\jdk1.8.0_181\jre\lib\ext;C:\WINDOWS\Sun\Java\lib\ext"/>
    <property name="sun.io.unicode.encoding" value="UnicodeLittle"/>
    <property name="java.class.version" value="52.0"/>
  </properties>
  <testcase name="contextLoads" classname="xyz.liyouxiu.boot.boot_web_01.BootWeb01ApplicationTests" time="0.44"/>
</testsuite>